Grammar

    0 $accept: line $end

    1 line: %empty
    2     | line expression '\n'
    3     | line error '\n'
    4     | line '\n'

    5 expression: VAR
    6           | VAR '=' expression
    7           | NUM
    8           | FUNC '(' expression ')'
    9           | '(' expression ')'
   10           | expression '+' expression
   11           | expression '-' expression
   12           | expression '*' expression
   13           | expression '/' expression
   14           | expression '%' expression
   15           | '-' expression
   16           | expression '^' expression
   17           | INC VAR
   18           | DEC VAR
   19           | VAR INC
   20           | VAR DEC


Terminals, with rules where they appear

$end (0) 0
'\n' (10) 2 3 4
'%' (37) 14
'(' (40) 8 9
')' (41) 8 9
'*' (42) 12
'+' (43) 10
'-' (45) 11 15
'/' (47) 13
'=' (61) 6
'^' (94) 16
error (256) 3
UMINUS (258)
INC (259) 17 19
DEC (260) 18 20
NUM (261) 7
VAR (262) 5 6 17 18 19 20
FUNC (263) 8


Nonterminals, with rules where they appear

$accept (19)
    on left: 0
line (20)
    on left: 1 2 3 4, on right: 0 2 3 4
expression (21)
    on left: 5 6 7 8 9 10 11 12 13 14 15 16 17 18 19 20, on right:
    2 6 8 9 10 11 12 13 14 15 16


State 0

    0 $accept: . line $end

    $default  reduce using rule 1 (line)

    line  go to state 1


State 1

    0 $accept: line . $end
    2 line: line . expression '\n'
    3     | line . error '\n'
    4     | line . '\n'

    $end   shift, and go to state 2
    error  shift, and go to state 3
    INC    shift, and go to state 4
    DEC    shift, and go to state 5
    NUM    shift, and go to state 6
    VAR    shift, and go to state 7
    FUNC   shift, and go to state 8
    '-'    shift, and go to state 9
    '\n'   shift, and go to state 10
    '('    shift, and go to state 11

    expression  go to state 12


State 2

    0 $accept: line $end .

    $default  accept


State 3

    3 line: line error . '\n'

    '\n'  shift, and go to state 13


State 4

   17 expression: INC . VAR

    VAR  shift, and go to state 14


State 5

   18 expression: DEC . VAR

    VAR  shift, and go to state 15


State 6

    7 expression: NUM .

    $default  reduce using rule 7 (expression)


State 7

    5 expression: VAR .
    6           | VAR . '=' expression
   19           | VAR . INC
   20           | VAR . DEC

    INC  shift, and go to state 16
    DEC  shift, and go to state 17
    '='  shift, and go to state 18

    $default  reduce using rule 5 (expression)


State 8

    8 expression: FUNC . '(' expression ')'

    '('  shift, and go to state 19


State 9

   15 expression: '-' . expression

    INC   shift, and go to state 4
    DEC   shift, and go to state 5
    NUM   shift, and go to state 6
    VAR   shift, and go to state 7
    FUNC  shift, and go to state 8
    '-'   shift, and go to state 9
    '('   shift, and go to state 11

    expression  go to state 20


State 10

    4 line: line '\n' .

    $default  reduce using rule 4 (line)


State 11

    9 expression: '(' . expression ')'

    INC   shift, and go to state 4
    DEC   shift, and go to state 5
    NUM   shift, and go to state 6
    VAR   shift, and go to state 7
    FUNC  shift, and go to state 8
    '-'   shift, and go to state 9
    '('   shift, and go to state 11

    expression  go to state 21


State 12

    2 line: line expression . '\n'
   10 expression: expression . '+' expression
   11           | expression . '-' expression
   12           | expression . '*' expression
   13           | expression . '/' expression
   14           | expression . '%' expression
   16           | expression . '^' expression

    '+'   shift, and go to state 22
    '-'   shift, and go to state 23
    '*'   shift, and go to state 24
    '/'   shift, and go to state 25
    '%'   shift, and go to state 26
    '^'   shift, and go to state 27
    '\n'  shift, and go to state 28


State 13

    3 line: line error '\n' .

    $default  reduce using rule 3 (line)


State 14

   17 expression: INC VAR .

    $default  reduce using rule 17 (expression)


State 15

   18 expression: DEC VAR .

    $default  reduce using rule 18 (expression)


State 16

   19 expression: VAR INC .

    $default  reduce using rule 19 (expression)


State 17

   20 expression: VAR DEC .

    $default  reduce using rule 20 (expression)


State 18

    6 expression: VAR '=' . expression

    INC   shift, and go to state 4
    DEC   shift, and go to state 5
    NUM   shift, and go to state 6
    VAR   shift, and go to state 7
    FUNC  shift, and go to state 8
    '-'   shift, and go to state 9
    '('   shift, and go to state 11

    expression  go to state 29


State 19

    8 expression: FUNC '(' . expression ')'

    INC   shift, and go to state 4
    DEC   shift, and go to state 5
    NUM   shift, and go to state 6
    VAR   shift, and go to state 7
    FUNC  shift, and go to state 8
    '-'   shift, and go to state 9
    '('   shift, and go to state 11

    expression  go to state 30


State 20

   10 expression: expression . '+' expression
   11           | expression . '-' expression
   12           | expression . '*' expression
   13           | expression . '/' expression
   14           | expression . '%' expression
   15           | '-' expression .
   16           | expression . '^' expression

    '^'  shift, and go to state 27

    $default  reduce using rule 15 (expression)


State 21

    9 expression: '(' expression . ')'
   10           | expression . '+' expression
   11           | expression . '-' expression
   12           | expression . '*' expression
   13           | expression . '/' expression
   14           | expression . '%' expression
   16           | expression . '^' expression

    '+'  shift, and go to state 22
    '-'  shift, and go to state 23
    '*'  shift, and go to state 24
    '/'  shift, and go to state 25
    '%'  shift, and go to state 26
    '^'  shift, and go to state 27
    ')'  shift, and go to state 31


State 22

   10 expression: expression '+' . expression

    INC   shift, and go to state 4
    DEC   shift, and go to state 5
    NUM   shift, and go to state 6
    VAR   shift, and go to state 7
    FUNC  shift, and go to state 8
    '-'   shift, and go to state 9
    '('   shift, and go to state 11

    expression  go to state 32


State 23

   11 expression: expression '-' . expression

    INC   shift, and go to state 4
    DEC   shift, and go to state 5
    NUM   shift, and go to state 6
    VAR   shift, and go to state 7
    FUNC  shift, and go to state 8
    '-'   shift, and go to state 9
    '('   shift, and go to state 11

    expression  go to state 33


State 24

   12 expression: expression '*' . expression

    INC   shift, and go to state 4
    DEC   shift, and go to state 5
    NUM   shift, and go to state 6
    VAR   shift, and go to state 7
    FUNC  shift, and go to state 8
    '-'   shift, and go to state 9
    '('   shift, and go to state 11

    expression  go to state 34


State 25

   13 expression: expression '/' . expression

    INC   shift, and go to state 4
    DEC   shift, and go to state 5
    NUM   shift, and go to state 6
    VAR   shift, and go to state 7
    FUNC  shift, and go to state 8
    '-'   shift, and go to state 9
    '('   shift, and go to state 11

    expression  go to state 35


State 26

   14 expression: expression '%' . expression

    INC   shift, and go to state 4
    DEC   shift, and go to state 5
    NUM   shift, and go to state 6
    VAR   shift, and go to state 7
    FUNC  shift, and go to state 8
    '-'   shift, and go to state 9
    '('   shift, and go to state 11

    expression  go to state 36


State 27

   16 expression: expression '^' . expression

    INC   shift, and go to state 4
    DEC   shift, and go to state 5
    NUM   shift, and go to state 6
    VAR   shift, and go to state 7
    FUNC  shift, and go to state 8
    '-'   shift, and go to state 9
    '('   shift, and go to state 11

    expression  go to state 37


State 28

    2 line: line expression '\n' .

    $default  reduce using rule 2 (line)


State 29

    6 expression: VAR '=' expression .
   10           | expression . '+' expression
   11           | expression . '-' expression
   12           | expression . '*' expression
   13           | expression . '/' expression
   14           | expression . '%' expression
   16           | expression . '^' expression

    '+'  shift, and go to state 22
    '-'  shift, and go to state 23
    '*'  shift, and go to state 24
    '/'  shift, and go to state 25
    '%'  shift, and go to state 26
    '^'  shift, and go to state 27

    $default  reduce using rule 6 (expression)


State 30

    8 expression: FUNC '(' expression . ')'
   10           | expression . '+' expression
   11           | expression . '-' expression
   12           | expression . '*' expression
   13           | expression . '/' expression
   14           | expression . '%' expression
   16           | expression . '^' expression

    '+'  shift, and go to state 22
    '-'  shift, and go to state 23
    '*'  shift, and go to state 24
    '/'  shift, and go to state 25
    '%'  shift, and go to state 26
    '^'  shift, and go to state 27
    ')'  shift, and go to state 38


State 31

    9 expression: '(' expression ')' .

    $default  reduce using rule 9 (expression)


State 32

   10 expression: expression . '+' expression
   10           | expression '+' expression .
   11           | expression . '-' expression
   12           | expression . '*' expression
   13           | expression . '/' expression
   14           | expression . '%' expression
   16           | expression . '^' expression

    '*'  shift, and go to state 24
    '/'  shift, and go to state 25
    '%'  shift, and go to state 26
    '^'  shift, and go to state 27

    $default  reduce using rule 10 (expression)


State 33

   10 expression: expression . '+' expression
   11           | expression . '-' expression
   11           | expression '-' expression .
   12           | expression . '*' expression
   13           | expression . '/' expression
   14           | expression . '%' expression
   16           | expression . '^' expression

    '*'  shift, and go to state 24
    '/'  shift, and go to state 25
    '%'  shift, and go to state 26
    '^'  shift, and go to state 27

    $default  reduce using rule 11 (expression)


State 34

   10 expression: expression . '+' expression
   11           | expression . '-' expression
   12           | expression . '*' expression
   12           | expression '*' expression .
   13           | expression . '/' expression
   14           | expression . '%' expression
   16           | expression . '^' expression

    '^'  shift, and go to state 27

    $default  reduce using rule 12 (expression)


State 35

   10 expression: expression . '+' expression
   11           | expression . '-' expression
   12           | expression . '*' expression
   13           | expression . '/' expression
   13           | expression '/' expression .
   14           | expression . '%' expression
   16           | expression . '^' expression

    '^'  shift, and go to state 27

    $default  reduce using rule 13 (expression)


State 36

   10 expression: expression . '+' expression
   11           | expression . '-' expression
   12           | expression . '*' expression
   13           | expression . '/' expression
   14           | expression . '%' expression
   14           | expression '%' expression .
   16           | expression . '^' expression

    '^'  shift, and go to state 27

    $default  reduce using rule 14 (expression)


State 37

   10 expression: expression . '+' expression
   11           | expression . '-' expression
   12           | expression . '*' expression
   13           | expression . '/' expression
   14           | expression . '%' expression
   16           | expression . '^' expression
   16           | expression '^' expression .

    '^'  shift, and go to state 27

    $default  reduce using rule 16 (expression)


State 38

    8 expression: FUNC '(' expression ')' .

    $default  reduce using rule 8 (expression)
